<?xml version="1.0" encoding="UTF-8"?>
<!-- Generated by org.testng.reporters.JUnitReportReporter -->
<testsuite hostname="DESKTOP-DS55JMC" failures="0" tests="1" name="RunTest.LaunchBrowser" time="32.023" errors="0" timestamp="2024-01-29T20:18:32 EST" skipped="0">
  <testcase classname="RunTest.LaunchBrowser" name="Launch" time="32.023"/>
  <system-out/>
</testsuite> <!-- RunTest.LaunchBrowser -->
